2017-12-07 04:48:10 +0000  Initial pipeline context: <IDEDistributionProcessingPipelineContext: 0x7ff1a6c58340; archive(resolved)='<IDEArchive: 0x7ff1a5ad7e00>', distributionTask(resolved)='2', distributionMethod(resolved)='<IDEDistributionMethodAdHoc: 0x7ff1b963bc50>', team(resolved)='<IDEProvisioningBasicTeam 0x7ff1a69eb320: teamID: E467X6539H, teamName: Daniel Skovli>'>
	Chain (11, self inclusive):
	<IDEDistributionProcessingPipelineContext: 0x7ff1a6c58340; archive = '<IDEArchive: 0x7ff1a5ad7e00>', distributionMethod='<IDEDistributionMethodAdHoc: 0x7ff1b963bc50>', team='<IDEProvisioningBasicTeam 0x7ff1a69eb320: teamID: E467X6539H, teamName: Daniel Skovli>'>
	<IDEDistributionProcessingPipelineContext: 0x7ff1a5b86bf0; archive = '<IDEArchive: 0x7ff1a5ad7e00>', distributionMethod='<IDEDistributionMethodAdHoc: 0x7ff1b963bc50>', team='<IDEProvisioningBasicTeam 0x7ff1a69eb320: teamID: E467X6539H, teamName: Daniel Skovli>'>
	<IDEDistributionContext: 0x7ff1c2caa110; archive = '<IDEArchive: 0x7ff1a5ad7e00>', distributionMethod='<IDEDistributionMethodAdHoc: 0x7ff1b963bc50>', team='<IDEProvisioningBasicTeam 0x7ff1a69eb320: teamID: E467X6539H, teamName: Daniel Skovli>'>
	<IDEDistributionContext: 0x7ff1a7d43090; archive = '<IDEArchive: 0x7ff1a5ad7e00>', distributionMethod='<IDEDistributionMethodAdHoc: 0x7ff1b963bc50>', team='<IDEProvisioningBasicTeam 0x7ff1a69eb320: teamID: E467X6539H, teamName: Daniel Skovli>'>
	<IDEDistributionContext: 0x7ff1b9341200; archive = '<IDEArchive: 0x7ff1a5ad7e00>', distributionMethod='<IDEDistributionMethodAdHoc: 0x7ff1b963bc50>', team='<IDEProvisioningBasicTeam 0x7ff1a69eb320: teamID: E467X6539H, teamName: Daniel Skovli>'>
	<IDEDistributionContext: 0x7ff1a84b6840; archive = '<IDEArchive: 0x7ff1a5ad7e00>', distributionMethod='<IDEDistributionMethodAdHoc: 0x7ff1b963bc50>', team='<IDEProvisioningBasicTeam 0x7ff1a69eb320: teamID: E467X6539H, teamName: Daniel Skovli>'>
	<IDEDistributionContext: 0x7ff1bea86360; archive = '<IDEArchive: 0x7ff1a5ad7e00>', distributionMethod='<IDEDistributionMethodAdHoc: 0x7ff1b963bc50>', team='<IDEProvisioningBasicTeam 0x7ff1a69eb320: teamID: E467X6539H, teamName: Daniel Skovli>'>
	<IDEDistributionContext: 0x7ff1a82a01e0; archive = '<IDEArchive: 0x7ff1a5ad7e00>', distributionMethod='<IDEDistributionMethodAdHoc: 0x7ff1b963bc50>', team='<IDEProvisioningBasicTeam 0x7ff1a69eb320: teamID: E467X6539H, teamName: Daniel Skovli>'>
	<IDEDistributionContext: 0x7ff1a5984f80; archive = '<IDEArchive: 0x7ff1a5ad7e00>', distributionMethod='<IDEDistributionMethodAdHoc: 0x7ff1b963bc50>', team='<IDEProvisioningBasicTeam 0x7ff1a69eb320: teamID: E467X6539H, teamName: Daniel Skovli>'>
	<IDEDistributionContext: 0x7ff1a83aa340; archive = '<IDEArchive: 0x7ff1a5ad7e00>', distributionMethod='<IDEDistributionMethodAdHoc: 0x7ff1b963bc50>', team='(null)'>
	<IDEDistributionContext: 0x7ff1a83f7d20; archive = '<IDEArchive: 0x7ff1a5ad7e00>', distributionMethod='(null)', team='(null)'>
</IDEDistributionProcessingPipelineContext: 0x7ff1a6c58340>
2017-12-07 04:48:10 +0000  Processing step: IDEDistributionCreateDestRootStep
2017-12-07 04:48:10 +0000  Processing step: IDEDistributionCopyItemStep
2017-12-07 04:48:10 +0000  Running /usr/bin/ditto '-V' '/Users/danielskovli/Library/Developer/Xcode/Archives/2017-12-07/killswitch 7-12-17, 2.44 pm.xcarchive/Products/Applications/killswitch.app' '/var/folders/nw/4qpngzn91qn96slfj1wnlys00000gn/T/XcodeDistPipeline.Xl6/Root/Payload/killswitch.app'
2017-12-07 04:48:10 +0000  >>> Copying /Users/danielskovli/Library/Developer/Xcode/Archives/2017-12-07/killswitch 7-12-17, 2.44 pm.xcarchive/Products/Applications/killswitch.app 
2017-12-07 04:48:10 +0000  copying file ./_CodeSignature/CodeResources ... 
2017-12-07 04:48:10 +0000  17451 bytes for ./_CodeSignature/CodeResources
2017-12-07 04:48:10 +0000  copying file ./AppIcon60x60@2x.png ... 
2816 bytes for ./AppIcon60x60@2x.png
copying file ./AppIcon29x29@2x.png ... 
1806 bytes for ./AppIcon29x29@2x.png
copying file ./LaunchImage-800-667h@2x.png ... 
2017-12-07 04:48:10 +0000  42816 bytes for ./LaunchImage-800-667h@2x.png
2017-12-07 04:48:10 +0000  copying file ./AppIcon40x40@3x.png ... 
2816 bytes for ./AppIcon40x40@3x.png
copying file ./AppIcon29x29~ipad.png ... 
1470 bytes for ./AppIcon29x29~ipad.png
copying file ./AppIcon40x40@2x.png ... 
2278 bytes for ./AppIcon40x40@2x.png
copying file ./AppIcon29x29@3x.png ... 
2375 bytes for ./AppIcon29x29@3x.png
copying file ./AppIcon60x60@3x.png ... 
2017-12-07 04:48:10 +0000  3749 bytes for ./AppIcon60x60@3x.png
copying file ./archived-expanded-entitlements.xcent ... 
181 bytes for ./archived-expanded-entitlements.xcent
copying file ./LaunchImage-700-Portrait~ipad.png ... 
2017-12-07 04:48:10 +0000  33904 bytes for ./LaunchImage-700-Portrait~ipad.png
copying file ./Assets.car ... 
2017-12-07 04:48:10 +0000  48024 bytes for ./Assets.car
copying file ./AppIcon40x40@2x~ipad.png ... 
2017-12-07 04:48:10 +0000  2278 bytes for ./AppIcon40x40@2x~ipad.png
copying file ./AppIcon76x76@2x~ipad.png ... 
3340 bytes for ./AppIcon76x76@2x~ipad.png
copying file ./LaunchImage-800-Portrait-736h@3x.png ... 
2017-12-07 04:48:10 +0000  96816 bytes for ./LaunchImage-800-Portrait-736h@3x.png
copying file ./LaunchImage-700@2x.png ... 
2017-12-07 04:48:10 +0000  29406 bytes for ./LaunchImage-700@2x.png
copying file ./killswitch ... 
2017-12-07 04:48:10 +0000  27584656 bytes for ./killswitch
2017-12-07 04:48:10 +0000  copying file ./LaunchImage-700-568h@2x.png ... 
2017-12-07 04:48:10 +0000  32202 bytes for ./LaunchImage-700-568h@2x.png
2017-12-07 04:48:10 +0000  copying file ./AppIcon29x29@2x~ipad.png ... 
2017-12-07 04:48:10 +0000  1806 bytes for ./AppIcon29x29@2x~ipad.png
copying file ./LaunchImage-700-Landscape@2x~ipad.png ... 
2017-12-07 04:48:10 +0000  99900 bytes for ./LaunchImage-700-Landscape@2x~ipad.png
2017-12-07 04:48:10 +0000  copying file ./AppIcon40x40~ipad.png ... 
1595 bytes for ./AppIcon40x40~ipad.png
copying file ./embedded.mobileprovision ... 
7589 bytes for ./embedded.mobileprovision
2017-12-07 04:48:10 +0000  copying file ./data/settimeout-2838aff1.js ... 
2017-12-07 04:48:10 +0000  375 bytes for ./data/settimeout-2838aff1.js
copying file ./data/locked_290px-9b8dd19e.png ... 
2017-12-07 04:48:10 +0000  27382 bytes for ./data/locked_290px-9b8dd19e.png
2017-12-07 04:48:10 +0000  copying file ./data/locked_180px-3828dc1a.png ... 
2017-12-07 04:48:10 +0000  23032 bytes for ./data/locked_180px-3828dc1a.png
2017-12-07 04:48:10 +0000  copying file ./data/windowtimers-6aa3303d.js ... 
2017-12-07 04:48:10 +0000  784 bytes for ./data/windowtimers-6aa3303d.js
2017-12-07 04:48:10 +0000  copying file ./data/killswitch-17f69311.unoproj ... 
2017-12-07 04:48:10 +0000  1607 bytes for ./data/killswitch-17f69311.unoproj
2017-12-07 04:48:10 +0000  copying file ./data/file-ffac368b.js ... 
2017-12-07 04:48:10 +0000  711 bytes for ./data/file-ffac368b.js
2017-12-07 04:48:10 +0000  copying file ./data/diagnostics-46013124.js ... 
345 bytes for ./data/diagnostics-46013124.js
copying file ./data/mainview-72e5e2c7.js ... 
2017-12-07 04:48:10 +0000  7324 bytes for ./data/mainview-72e5e2c7.js
2017-12-07 04:48:10 +0000  copying file ./data/refresh-35f8a2cd.png ... 
2017-12-07 04:48:10 +0000  15115 bytes for ./data/refresh-35f8a2cd.png
2017-12-07 04:48:10 +0000  copying file ./data/observable-de799b21.js ... 
2017-12-07 04:48:10 +0000  36918 bytes for ./data/observable-de799b21.js
2017-12-07 04:48:10 +0000  copying file ./data/bundle ... 
2118 bytes for ./data/bundle
copying file ./data/session-f44081eb.js ... 
2017-12-07 04:48:10 +0000  2457 bytes for ./data/session-f44081eb.js
2017-12-07 04:48:10 +0000  copying file ./data/md5-4b2942cd.js ... 
2017-12-07 04:48:10 +0000  9004 bytes for ./data/md5-4b2942cd.js
2017-12-07 04:48:10 +0000  copying file ./data/localstorage-5815a0c9.js ... 
2761 bytes for ./data/localstorage-5815a0c9.js
copying file ./data/window-7fb232c1.js ... 
573 bytes for ./data/window-7fb232c1.js
copying file ./data/es6-promise.min-a3069df9.js ... 
2017-12-07 04:48:10 +0000  6367 bytes for ./data/es6-promise.min-a3069df9.js
2017-12-07 04:48:10 +0000  copying file ./data/fight-1537455b.png ... 
2017-12-07 04:48:10 +0000  193930 bytes for ./data/fight-1537455b.png
2017-12-07 04:48:10 +0000  copying file ./data/eventemitter-8bcf984c.js ... 
2017-12-07 04:48:10 +0000  7489 bytes for ./data/eventemitter-8bcf984c.js
copying file ./data/eventtarget-c2230a48.js ... 
2017-12-07 04:48:10 +0000  4260 bytes for ./data/eventtarget-c2230a48.js
copying file ./data/xmlhttprequest-28ec9821.js ... 
2017-12-07 04:48:10 +0000  7155 bytes for ./data/xmlhttprequest-28ec9821.js
2017-12-07 04:48:10 +0000  copying file ./data/unlocked_290px-743c552d.png ... 
2017-12-07 04:48:10 +0000  27441 bytes for ./data/unlocked_290px-743c552d.png
2017-12-07 04:48:10 +0000  copying file ./data/windowbase64-3a81b2e2.js ... 
2017-12-07 04:48:10 +0000  194 bytes for ./data/windowbase64-3a81b2e2.js
copying file ./data/api-d60940d1.js ... 
2017-12-07 04:48:10 +0000  5285 bytes for ./data/api-d60940d1.js
2017-12-07 04:48:10 +0000  copying file ./data/websocketapi-2132f288.js ... 
3915 bytes for ./data/websocketapi-2132f288.js
copying file ./data/fetch-bb921dd9.js ... 
2017-12-07 04:48:10 +0000  12783 bytes for ./data/fetch-bb921dd9.js
2017-12-07 04:48:10 +0000  copying file ./LaunchImage-800-Landscape-736h@3x.png ... 
2017-12-07 04:48:10 +0000  92375 bytes for ./LaunchImage-800-Landscape-736h@3x.png
2017-12-07 04:48:10 +0000  copying file ./LaunchImage-700-Portrait@2x~ipad.png ... 
2017-12-07 04:48:10 +0000  98959 bytes for ./LaunchImage-700-Portrait@2x~ipad.png
2017-12-07 04:48:10 +0000  copying file ./LaunchImage-700-Landscape~ipad.png ... 
2017-12-07 04:48:10 +0000  33981 bytes for ./LaunchImage-700-Landscape~ipad.png
2017-12-07 04:48:10 +0000  copying file ./Info.plist ... 
2335 bytes for ./Info.plist
2017-12-07 04:48:10 +0000  copying file ./PkgInfo ... 
2017-12-07 04:48:10 +0000  8 bytes for ./PkgInfo
2017-12-07 04:48:10 +0000  copying file ./AppIcon76x76~ipad.png ... 
2017-12-07 04:48:10 +0000  2257 bytes for ./AppIcon76x76~ipad.png
2017-12-07 04:48:10 +0000  
2017-12-07 04:48:10 +0000  /usr/bin/ditto exited with 02017-12-07 04:48:10 +0000  
2017-12-07 04:48:10 +0000  

2017-12-07 04:48:10 +0000  Processing step: IDEDistributionEmbedProfileStep
2017-12-07 04:48:10 +0000  Processing step: IDEDistributionAppThinningPlistStep
2017-12-07 04:48:10 +0000  Skipping step: IDEDistributionAppThinningPlistStep because it said so
2017-12-07 04:48:10 +0000  Processing step: IDEDistributionCompileBitcodeStep
2017-12-07 04:48:10 +0000  Skipping step: IDEDistributionCompileBitcodeStep because it said so
2017-12-07 04:48:10 +0000  Processing step: IDEDistributionCodeSlimmingStep
2017-12-07 04:48:10 +0000  Processing step: IDEDistributionCopyBCSymbolMapsStep
2017-12-07 04:48:10 +0000  Skipping step: IDEDistributionCopyBCSymbolMapsStep because it said so
2017-12-07 04:48:10 +0000  Processing step: IDEDistributionSymbolsStep
2017-12-07 04:48:10 +0000  Skipping step: IDEDistributionSymbolsStep because it said so
2017-12-07 04:48:10 +0000  Processing step: IDEDistributionAppThinningStep
2017-12-07 04:48:10 +0000  Skipping step: IDEDistributionAppThinningStep because it said so
2017-12-07 04:48:10 +0000  Processing step: IDEDistributionODRStep
2017-12-07 04:48:10 +0000  Processing step: IDEDistributionStripXattrsStep
2017-12-07 04:48:10 +0000  Running /usr/bin/xattr '-crs' '/var/folders/nw/4qpngzn91qn96slfj1wnlys00000gn/T/XcodeDistPipeline.Xl6/Root/Payload/killswitch.app'
2017-12-07 04:48:11 +0000  2017-12-07 04:48:11 +0000  
2017-12-07 04:48:11 +0000  /usr/bin/xattr exited with 0

2017-12-07 04:48:11 +0000  
2017-12-07 04:48:11 +0000  Processing step: IDEDistributionCodesignStep
2017-12-07 04:48:11 +0000  Applying entitlements delta for <IDEDistributionItem: 0x7ff1baed22c0 'com.danielskovli.killswitch' '<DVTFilePath:0x7ff1a9576060:'/Users/danielskovli/Library/Developer/Xcode/Archives/2017-12-07/killswitch 7-12-17, 2.44 pm.xcarchive/Products/Applications/killswitch.app'>'> from <IDEiCloudEntitlementsProcessor: 0x7ff1a90e1730>: {
}
2017-12-07 04:48:11 +0000  Entitlements for <IDEDistributionItem: 0x7ff1baed22c0 'com.danielskovli.killswitch' '<DVTFilePath:0x7ff1a9576060:'/Users/danielskovli/Library/Developer/Xcode/Archives/2017-12-07/killswitch 7-12-17, 2.44 pm.xcarchive/Products/Applications/killswitch.app'>'>: {
    "application-identifier" = "E467X6539H.com.danielskovli.killswitch";
    "com.apple.developer.team-identifier" = E467X6539H;
    "get-task-allow" = 0;
}
2017-12-07 04:48:11 +0000  Writing entitlements for <IDEDistributionItem: 0x7ff1baed22c0 'com.danielskovli.killswitch' '<DVTFilePath:0x7ff1a9576060:'/Users/danielskovli/Library/Developer/Xcode/Archives/2017-12-07/killswitch 7-12-17, 2.44 pm.xcarchive/Products/Applications/killswitch.app'>'> to: /var/folders/nw/4qpngzn91qn96slfj1wnlys00000gn/T/XcodeDistPipeline.Xl6/entitlementsTSp8F3
2017-12-07 04:48:11 +0000  Running /usr/bin/codesign '-vvv' '--force' '--sign' '105618217D0175C1A8DC3B5793F28597DBCDB09E' '--preserve-metadata=identifier,flags' '--entitlements' '/var/folders/nw/4qpngzn91qn96slfj1wnlys00000gn/T/XcodeDistPipeline.Xl6/entitlementsTSp8F3' '/var/folders/nw/4qpngzn91qn96slfj1wnlys00000gn/T/XcodeDistPipeline.Xl6/Root/Payload/killswitch.app'
2017-12-07 04:48:12 +0000  /var/folders/nw/4qpngzn91qn96slfj1wnlys00000gn/T/XcodeDistPipeline.Xl6/Root/Payload/killswitch.app: replacing existing signature
2017-12-07 04:48:19 +0000  /var/folders/nw/4qpngzn91qn96slfj1wnlys00000gn/T/XcodeDistPipeline.Xl6/Root/Payload/killswitch.app: signed app bundle with Mach-O universal (armv7 arm64) [com.danielskovli.killswitch]
2017-12-07 04:48:19 +0000  2017-12-07 04:48:19 +0000  

2017-12-07 04:48:19 +0000  /usr/bin/codesign exited with 0
2017-12-07 04:48:19 +0000  2017-12-07 04:48:19 +0000  

2017-12-07 04:48:19 +0000  Processing step: IDEDistributionStreamingZipItemStep
2017-12-07 04:48:19 +0000  Skipping step: IDEDistributionStreamingZipItemStep because it said so
2017-12-07 04:48:19 +0000  Processing step: IDEDistributionCreateIPAStep
2017-12-07 04:48:19 +0000  Running /usr/bin/ditto '-V' '-c' '-k' '--norsrc' '/var/folders/nw/4qpngzn91qn96slfj1wnlys00000gn/T/XcodeDistPipeline.Xl6/Root' '/var/folders/nw/4qpngzn91qn96slfj1wnlys00000gn/T/XcodeDistPipeline.Xl6/Packages/killswitch.ipa'
2017-12-07 04:48:19 +0000  >>> Copying /var/folders/nw/4qpngzn91qn96slfj1wnlys00000gn/T/XcodeDistPipeline.Xl6/Root 
2017-12-07 04:48:19 +0000  copying file ./Payload/killswitch.app/_CodeSignature/CodeResources ... 
2017-12-07 04:48:19 +0000  17451 bytes for ./Payload/killswitch.app/_CodeSignature/CodeResources
copying file ./Payload/killswitch.app/AppIcon60x60@2x.png ... 
2816 bytes for ./Payload/killswitch.app/AppIcon60x60@2x.png
copying file ./Payload/killswitch.app/AppIcon29x29@2x.png ... 
1806 bytes for ./Payload/killswitch.app/AppIcon29x29@2x.png
copying file ./Payload/killswitch.app/LaunchImage-800-667h@2x.png ... 
2017-12-07 04:48:19 +0000  42816 bytes for ./Payload/killswitch.app/LaunchImage-800-667h@2x.png
2017-12-07 04:48:19 +0000  copying file ./Payload/killswitch.app/AppIcon40x40@3x.png ... 
2816 bytes for ./Payload/killswitch.app/AppIcon40x40@3x.png
copying file ./Payload/killswitch.app/AppIcon29x29~ipad.png ... 
1470 bytes for ./Payload/killswitch.app/AppIcon29x29~ipad.png
copying file ./Payload/killswitch.app/AppIcon40x40@2x.png ... 
2278 bytes for ./Payload/killswitch.app/AppIcon40x40@2x.png
copying file ./Payload/killswitch.app/AppIcon29x29@3x.png ... 
2375 bytes for ./Payload/killswitch.app/AppIcon29x29@3x.png
copying file ./Payload/killswitch.app/AppIcon60x60@3x.png ... 
3749 bytes for ./Payload/killswitch.app/AppIcon60x60@3x.png
copying file ./Payload/killswitch.app/archived-expanded-entitlements.xcent ... 
181 bytes for ./Payload/killswitch.app/archived-expanded-entitlements.xcent
copying file ./Payload/killswitch.app/LaunchImage-700-Portrait~ipad.png ... 
33904 bytes for ./Payload/killswitch.app/LaunchImage-700-Portrait~ipad.png
copying file ./Payload/killswitch.app/Assets.car ... 
2017-12-07 04:48:19 +0000  48024 bytes for ./Payload/killswitch.app/Assets.car
copying file ./Payload/killswitch.app/AppIcon40x40@2x~ipad.png ... 
2017-12-07 04:48:19 +0000  2278 bytes for ./Payload/killswitch.app/AppIcon40x40@2x~ipad.png
copying file ./Payload/killswitch.app/AppIcon76x76@2x~ipad.png ... 
3340 bytes for ./Payload/killswitch.app/AppIcon76x76@2x~ipad.png
copying file ./Payload/killswitch.app/LaunchImage-800-Portrait-736h@3x.png ... 
96816 bytes for ./Payload/killswitch.app/LaunchImage-800-Portrait-736h@3x.png
copying file ./Payload/killswitch.app/LaunchImage-700@2x.png ... 
2017-12-07 04:48:19 +0000  29406 bytes for ./Payload/killswitch.app/LaunchImage-700@2x.png
copying file ./Payload/killswitch.app/killswitch ... 
2017-12-07 04:48:21 +0000  27584656 bytes for ./Payload/killswitch.app/killswitch
copying file ./Payload/killswitch.app/LaunchImage-700-568h@2x.png ... 
2017-12-07 04:48:21 +0000  32202 bytes for ./Payload/killswitch.app/LaunchImage-700-568h@2x.png
copying file ./Payload/killswitch.app/AppIcon29x29@2x~ipad.png ... 
1806 bytes for ./Payload/killswitch.app/AppIcon29x29@2x~ipad.png
copying file ./Payload/killswitch.app/LaunchImage-700-Landscape@2x~ipad.png ... 
2017-12-07 04:48:21 +0000  99900 bytes for ./Payload/killswitch.app/LaunchImage-700-Landscape@2x~ipad.png
copying file ./Payload/killswitch.app/AppIcon40x40~ipad.png ... 
2017-12-07 04:48:21 +0000  1595 bytes for ./Payload/killswitch.app/AppIcon40x40~ipad.png
copying file ./Payload/killswitch.app/embedded.mobileprovision ... 
7555 bytes for ./Payload/killswitch.app/embedded.mobileprovision
copying file ./Payload/killswitch.app/data/settimeout-2838aff1.js ... 
375 bytes for ./Payload/killswitch.app/data/settimeout-2838aff1.js
copying file ./Payload/killswitch.app/data/locked_290px-9b8dd19e.png ... 
27382 bytes for ./Payload/killswitch.app/data/locked_290px-9b8dd19e.png
copying file ./Payload/killswitch.app/data/locked_180px-3828dc1a.png ... 
2017-12-07 04:48:21 +0000  23032 bytes for ./Payload/killswitch.app/data/locked_180px-3828dc1a.png
copying file ./Payload/killswitch.app/data/windowtimers-6aa3303d.js ... 
2017-12-07 04:48:21 +0000  784 bytes for ./Payload/killswitch.app/data/windowtimers-6aa3303d.js
copying file ./Payload/killswitch.app/data/killswitch-17f69311.unoproj ... 
2017-12-07 04:48:21 +0000  1607 bytes for ./Payload/killswitch.app/data/killswitch-17f69311.unoproj
copying file ./Payload/killswitch.app/data/file-ffac368b.js ... 
2017-12-07 04:48:21 +0000  711 bytes for ./Payload/killswitch.app/data/file-ffac368b.js
copying file ./Payload/killswitch.app/data/diagnostics-46013124.js ... 
2017-12-07 04:48:21 +0000  345 bytes for ./Payload/killswitch.app/data/diagnostics-46013124.js
copying file ./Payload/killswitch.app/data/mainview-72e5e2c7.js ... 
2017-12-07 04:48:21 +0000  7324 bytes for ./Payload/killswitch.app/data/mainview-72e5e2c7.js
copying file ./Payload/killswitch.app/data/refresh-35f8a2cd.png ... 
2017-12-07 04:48:21 +0000  15115 bytes for ./Payload/killswitch.app/data/refresh-35f8a2cd.png
copying file ./Payload/killswitch.app/data/observable-de799b21.js ... 
2017-12-07 04:48:21 +0000  36918 bytes for ./Payload/killswitch.app/data/observable-de799b21.js
2017-12-07 04:48:21 +0000  copying file ./Payload/killswitch.app/data/bundle ... 
2118 bytes for ./Payload/killswitch.app/data/bundle
copying file ./Payload/killswitch.app/data/session-f44081eb.js ... 
2457 bytes for ./Payload/killswitch.app/data/session-f44081eb.js
copying file ./Payload/killswitch.app/data/md5-4b2942cd.js ... 
9004 bytes for ./Payload/killswitch.app/data/md5-4b2942cd.js
copying file ./Payload/killswitch.app/data/localstorage-5815a0c9.js ... 
2761 bytes for ./Payload/killswitch.app/data/localstorage-5815a0c9.js
copying file ./Payload/killswitch.app/data/window-7fb232c1.js ... 
573 bytes for ./Payload/killswitch.app/data/window-7fb232c1.js
copying file ./Payload/killswitch.app/data/es6-promise.min-a3069df9.js ... 
6367 bytes for ./Payload/killswitch.app/data/es6-promise.min-a3069df9.js
copying file ./Payload/killswitch.app/data/fight-1537455b.png ... 
2017-12-07 04:48:21 +0000  193930 bytes for ./Payload/killswitch.app/data/fight-1537455b.png
copying file ./Payload/killswitch.app/data/eventemitter-8bcf984c.js ... 
2017-12-07 04:48:21 +0000  7489 bytes for ./Payload/killswitch.app/data/eventemitter-8bcf984c.js
copying file ./Payload/killswitch.app/data/eventtarget-c2230a48.js ... 
4260 bytes for ./Payload/killswitch.app/data/eventtarget-c2230a48.js
copying file ./Payload/killswitch.app/data/xmlhttprequest-28ec9821.js ... 
7155 bytes for ./Payload/killswitch.app/data/xmlhttprequest-28ec9821.js
copying file ./Payload/killswitch.app/data/unlocked_290px-743c552d.png ... 
27441 bytes for ./Payload/killswitch.app/data/unlocked_290px-743c552d.png
copying file ./Payload/killswitch.app/data/windowbase64-3a81b2e2.js ... 
194 bytes for ./Payload/killswitch.app/data/windowbase64-3a81b2e2.js
copying file ./Payload/killswitch.app/data/api-d60940d1.js ... 
5285 bytes for ./Payload/killswitch.app/data/api-d60940d1.js
copying file ./Payload/killswitch.app/data/websocketapi-2132f288.js ... 
2017-12-07 04:48:21 +0000  3915 bytes for ./Payload/killswitch.app/data/websocketapi-2132f288.js
copying file ./Payload/killswitch.app/data/fetch-bb921dd9.js ... 
2017-12-07 04:48:21 +0000  12783 bytes for ./Payload/killswitch.app/data/fetch-bb921dd9.js
2017-12-07 04:48:21 +0000  copying file ./Payload/killswitch.app/LaunchImage-800-Landscape-736h@3x.png ... 
2017-12-07 04:48:21 +0000  92375 bytes for ./Payload/killswitch.app/LaunchImage-800-Landscape-736h@3x.png
copying file ./Payload/killswitch.app/LaunchImage-700-Portrait@2x~ipad.png ... 
2017-12-07 04:48:21 +0000  98959 bytes for ./Payload/killswitch.app/LaunchImage-700-Portrait@2x~ipad.png
copying file ./Payload/killswitch.app/LaunchImage-700-Landscape~ipad.png ... 
33981 bytes for ./Payload/killswitch.app/LaunchImage-700-Landscape~ipad.png
copying file ./Payload/killswitch.app/Info.plist ... 
2017-12-07 04:48:21 +0000  2335 bytes for ./Payload/killswitch.app/Info.plist
copying file ./Payload/killswitch.app/PkgInfo ... 
2017-12-07 04:48:21 +0000  8 bytes for ./Payload/killswitch.app/PkgInfo
copying file ./Payload/killswitch.app/AppIcon76x76~ipad.png ... 
2017-12-07 04:48:21 +0000  2257 bytes for ./Payload/killswitch.app/AppIcon76x76~ipad.png
2017-12-07 04:48:21 +0000  
2017-12-07 04:48:21 +0000  2017-12-07 04:48:21 +0000  /usr/bin/ditto exited with 0

2017-12-07 04:48:21 +0000  
2017-12-07 04:48:21 +0000  2017-12-07 04:48:21 +0000  Processing step: IDEDistributionCreateManifestStep

